
{
    "level": "info",
    "message": "Servidor rodando na porta 3010"
}

{
    "level": "info",
    "message": "Servidor rodando na porta 3010"
}

{
    "level": "info",
    "message": "Servidor rodando na porta 3010"
}

{
    "level": "info",
    "message": "Servidor rodando na porta 3010"
}

{
    "level": "info",
    "message": "Servidor rodando na porta 3010"
}

{
    "level": "info",
    "message": "Servidor rodando na porta 3010"
}

{
    "level": "info",
    "message": "Servidor rodando na porta 3010"
}

{
    "level": "info",
    "message": "::ffff:127.0.0.1 - - [19/Nov/2023:16:07:27 +0000] \"GET /pages/11 HTTP/1.1\" 404 26 \"-\" \"insomnia/2023.5.8\""
}

{
    "level": "info",
    "message": "::ffff:127.0.0.1 - - [19/Nov/2023:16:07:29 +0000] \"GET /pages/1 HTTP/1.1\" 200 467 \"-\" \"insomnia/2023.5.8\""
}

{
    "level": "info",
    "message": "::ffff:127.0.0.1 - - [19/Nov/2023:16:07:31 +0000] \"GET /pages/1 HTTP/1.1\" 200 467 \"-\" \"insomnia/2023.5.8\""
}

{
    "level": "info",
    "message": "::ffff:127.0.0.1 - - [19/Nov/2023:16:07:32 +0000] \"GET /pages/1 HTTP/1.1\" 200 467 \"-\" \"insomnia/2023.5.8\""
}

{
    "level": "info",
    "message": "::ffff:127.0.0.1 - - [19/Nov/2023:16:07:32 +0000] \"GET /pages/1 HTTP/1.1\" 200 467 \"-\" \"insomnia/2023.5.8\""
}

{
    "level": "info",
    "message": "::ffff:127.0.0.1 - - [19/Nov/2023:16:07:32 +0000] \"GET /pages/1 HTTP/1.1\" 200 467 \"-\" \"insomnia/2023.5.8\""
}

{
    "level": "info",
    "message": "::ffff:127.0.0.1 - - [19/Nov/2023:16:07:32 +0000] \"GET /pages/1 HTTP/1.1\" 200 467 \"-\" \"insomnia/2023.5.8\""
}

{
    "level": "info",
    "message": "::ffff:127.0.0.1 - - [19/Nov/2023:16:07:32 +0000] \"GET /pages/1 HTTP/1.1\" 200 467 \"-\" \"insomnia/2023.5.8\""
}

{
    "level": "info",
    "message": "::ffff:127.0.0.1 - - [19/Nov/2023:16:07:32 +0000] \"GET /pages/1 HTTP/1.1\" 200 467 \"-\" \"insomnia/2023.5.8\""
}

{
    "level": "info",
    "message": "::ffff:127.0.0.1 - - [19/Nov/2023:16:07:32 +0000] \"GET /pages/1 HTTP/1.1\" 200 467 \"-\" \"insomnia/2023.5.8\""
}

{
    "level": "info",
    "message": "::ffff:127.0.0.1 - - [19/Nov/2023:16:07:32 +0000] \"GET /pages/1 HTTP/1.1\" 200 467 \"-\" \"insomnia/2023.5.8\""
}

{
    "level": "info",
    "message": "::ffff:127.0.0.1 - - [19/Nov/2023:16:07:32 +0000] \"GET /pages/1 HTTP/1.1\" 200 467 \"-\" \"insomnia/2023.5.8\""
}

{
    "level": "info",
    "message": "::ffff:127.0.0.1 - - [19/Nov/2023:16:07:32 +0000] \"GET /pages/1 HTTP/1.1\" 200 467 \"-\" \"insomnia/2023.5.8\""
}

{
    "level": "info",
    "message": "::ffff:127.0.0.1 - - [19/Nov/2023:16:07:32 +0000] \"GET /pages/1 HTTP/1.1\" 200 467 \"-\" \"insomnia/2023.5.8\""
}

{
    "level": "info",
    "message": "::ffff:127.0.0.1 - - [19/Nov/2023:16:07:33 +0000] \"GET /pages/1 HTTP/1.1\" 200 467 \"-\" \"insomnia/2023.5.8\""
}

{
    "level": "info",
    "message": "::ffff:127.0.0.1 - - [19/Nov/2023:16:07:33 +0000] \"GET /pages/1 HTTP/1.1\" 200 467 \"-\" \"insomnia/2023.5.8\""
}

{
    "level": "info",
    "message": "::ffff:127.0.0.1 - - [19/Nov/2023:16:07:33 +0000] \"GET /pages/1 HTTP/1.1\" 200 467 \"-\" \"insomnia/2023.5.8\""
}

{
    "level": "info",
    "message": "::ffff:127.0.0.1 - - [19/Nov/2023:16:07:33 +0000] \"GET /pages/1 HTTP/1.1\" 200 467 \"-\" \"insomnia/2023.5.8\""
}

{
    "level": "info",
    "message": "::ffff:127.0.0.1 - - [19/Nov/2023:16:07:33 +0000] \"GET /pages/1 HTTP/1.1\" 200 467 \"-\" \"insomnia/2023.5.8\""
}

{
    "level": "info",
    "message": "::ffff:127.0.0.1 - - [19/Nov/2023:16:07:33 +0000] \"GET /pages/1 HTTP/1.1\" 200 467 \"-\" \"insomnia/2023.5.8\""
}

{
    "level": "info",
    "message": "::ffff:127.0.0.1 - - [19/Nov/2023:16:07:33 +0000] \"GET /pages/1 HTTP/1.1\" 200 467 \"-\" \"insomnia/2023.5.8\""
}

{
    "level": "info",
    "message": "::ffff:127.0.0.1 - - [19/Nov/2023:16:07:33 +0000] \"GET /pages/1 HTTP/1.1\" 200 467 \"-\" \"insomnia/2023.5.8\""
}

{
    "level": "info",
    "message": "::ffff:127.0.0.1 - - [19/Nov/2023:16:07:34 +0000] \"GET /pages/1 HTTP/1.1\" 200 467 \"-\" \"insomnia/2023.5.8\""
}

{
    "level": "info",
    "message": "::ffff:127.0.0.1 - - [19/Nov/2023:16:07:34 +0000] \"GET /pages/1 HTTP/1.1\" 200 467 \"-\" \"insomnia/2023.5.8\""
}

{
    "level": "info",
    "message": "::ffff:127.0.0.1 - - [19/Nov/2023:16:07:34 +0000] \"GET /pages/1 HTTP/1.1\" 200 467 \"-\" \"insomnia/2023.5.8\""
}

{
    "level": "info",
    "message": "::ffff:127.0.0.1 - - [19/Nov/2023:16:07:34 +0000] \"GET /pages/1 HTTP/1.1\" 200 467 \"-\" \"insomnia/2023.5.8\""
}

{
    "level": "info",
    "message": "::ffff:127.0.0.1 - - [19/Nov/2023:16:07:34 +0000] \"GET /pages/1 HTTP/1.1\" 200 467 \"-\" \"insomnia/2023.5.8\""
}

{
    "level": "info",
    "message": "::ffff:127.0.0.1 - - [19/Nov/2023:16:07:35 +0000] \"GET /pages/1 HTTP/1.1\" 200 467 \"-\" \"insomnia/2023.5.8\""
}

{
    "level": "info",
    "message": "::ffff:127.0.0.1 - - [19/Nov/2023:16:07:35 +0000] \"GET /pages/1 HTTP/1.1\" 200 467 \"-\" \"insomnia/2023.5.8\""
}

{
    "level": "info",
    "message": "::ffff:127.0.0.1 - - [19/Nov/2023:16:07:35 +0000] \"GET /pages/1 HTTP/1.1\" 200 467 \"-\" \"insomnia/2023.5.8\""
}

{
    "level": "info",
    "message": "::ffff:127.0.0.1 - - [19/Nov/2023:16:07:35 +0000] \"GET /pages/1 HTTP/1.1\" 200 467 \"-\" \"insomnia/2023.5.8\""
}

{
    "level": "info",
    "message": "::ffff:127.0.0.1 - - [19/Nov/2023:16:07:35 +0000] \"GET /pages/1 HTTP/1.1\" 200 467 \"-\" \"insomnia/2023.5.8\""
}

{
    "level": "info",
    "message": "::ffff:127.0.0.1 - - [19/Nov/2023:16:07:36 +0000] \"GET /pages/1 HTTP/1.1\" 200 467 \"-\" \"insomnia/2023.5.8\""
}

{
    "level": "info",
    "message": "::ffff:127.0.0.1 - - [19/Nov/2023:16:07:36 +0000] \"GET /pages/1 HTTP/1.1\" 200 467 \"-\" \"insomnia/2023.5.8\""
}

{
    "level": "info",
    "message": "::ffff:127.0.0.1 - - [19/Nov/2023:16:07:36 +0000] \"GET /pages/1 HTTP/1.1\" 200 467 \"-\" \"insomnia/2023.5.8\""
}

{
    "level": "info",
    "message": "::ffff:127.0.0.1 - - [19/Nov/2023:16:07:36 +0000] \"GET /pages/1 HTTP/1.1\" 200 467 \"-\" \"insomnia/2023.5.8\""
}

{
    "level": "info",
    "message": "::ffff:127.0.0.1 - - [19/Nov/2023:16:07:36 +0000] \"GET /pages/1 HTTP/1.1\" 200 467 \"-\" \"insomnia/2023.5.8\""
}

{
    "level": "info",
    "message": "::ffff:127.0.0.1 - - [19/Nov/2023:16:07:37 +0000] \"GET /pages/1 HTTP/1.1\" 200 467 \"-\" \"insomnia/2023.5.8\""
}

{
    "level": "info",
    "message": "::ffff:127.0.0.1 - - [19/Nov/2023:16:07:37 +0000] \"GET /pages/1 HTTP/1.1\" 200 467 \"-\" \"insomnia/2023.5.8\""
}

{
    "level": "info",
    "message": "::ffff:127.0.0.1 - - [19/Nov/2023:16:07:37 +0000] \"GET /pages/1 HTTP/1.1\" 200 467 \"-\" \"insomnia/2023.5.8\""
}

{
    "level": "info",
    "message": "::ffff:127.0.0.1 - - [19/Nov/2023:16:07:37 +0000] \"GET /pages/1 HTTP/1.1\" 200 467 \"-\" \"insomnia/2023.5.8\""
}

{
    "level": "info",
    "message": "::ffff:127.0.0.1 - - [19/Nov/2023:16:07:37 +0000] \"GET /pages/1 HTTP/1.1\" 200 467 \"-\" \"insomnia/2023.5.8\""
}

{
    "level": "info",
    "message": "::ffff:127.0.0.1 - - [19/Nov/2023:16:07:37 +0000] \"GET /pages/1 HTTP/1.1\" 200 467 \"-\" \"insomnia/2023.5.8\""
}

{
    "level": "info",
    "message": "::ffff:127.0.0.1 - - [19/Nov/2023:16:07:38 +0000] \"GET /pages/1 HTTP/1.1\" 200 467 \"-\" \"insomnia/2023.5.8\""
}

{
    "level": "info",
    "message": "::ffff:127.0.0.1 - - [19/Nov/2023:16:07:38 +0000] \"GET /pages/1 HTTP/1.1\" 200 467 \"-\" \"insomnia/2023.5.8\""
}

{
    "level": "info",
    "message": "::ffff:127.0.0.1 - - [19/Nov/2023:16:07:38 +0000] \"GET /pages/1 HTTP/1.1\" 200 467 \"-\" \"insomnia/2023.5.8\""
}

{
    "level": "info",
    "message": "::ffff:127.0.0.1 - - [19/Nov/2023:16:07:38 +0000] \"GET /pages/1 HTTP/1.1\" 200 467 \"-\" \"insomnia/2023.5.8\""
}

{
    "level": "info",
    "message": "::ffff:127.0.0.1 - - [19/Nov/2023:16:07:38 +0000] \"GET /pages/1 HTTP/1.1\" 200 467 \"-\" \"insomnia/2023.5.8\""
}

{
    "level": "info",
    "message": "::ffff:127.0.0.1 - - [19/Nov/2023:16:07:38 +0000] \"GET /pages/1 HTTP/1.1\" 200 467 \"-\" \"insomnia/2023.5.8\""
}

{
    "level": "info",
    "message": "::ffff:127.0.0.1 - - [19/Nov/2023:16:07:38 +0000] \"GET /pages/1 HTTP/1.1\" 200 467 \"-\" \"insomnia/2023.5.8\""
}

{
    "level": "info",
    "message": "::ffff:127.0.0.1 - - [19/Nov/2023:16:07:38 +0000] \"GET /pages/1 HTTP/1.1\" 200 467 \"-\" \"insomnia/2023.5.8\""
}

{
    "level": "info",
    "message": "::ffff:127.0.0.1 - - [19/Nov/2023:16:07:39 +0000] \"GET /pages/1 HTTP/1.1\" 200 467 \"-\" \"insomnia/2023.5.8\""
}

{
    "level": "info",
    "message": "::ffff:127.0.0.1 - - [19/Nov/2023:16:07:39 +0000] \"GET /pages/1 HTTP/1.1\" 200 467 \"-\" \"insomnia/2023.5.8\""
}

{
    "level": "info",
    "message": "::ffff:127.0.0.1 - - [19/Nov/2023:16:07:39 +0000] \"GET /pages/1 HTTP/1.1\" 200 467 \"-\" \"insomnia/2023.5.8\""
}

{
    "level": "info",
    "message": "::ffff:127.0.0.1 - - [19/Nov/2023:16:07:39 +0000] \"GET /pages/1 HTTP/1.1\" 200 467 \"-\" \"insomnia/2023.5.8\""
}

{
    "level": "info",
    "message": "::ffff:127.0.0.1 - - [19/Nov/2023:16:07:39 +0000] \"GET /pages/1 HTTP/1.1\" 200 467 \"-\" \"insomnia/2023.5.8\""
}

{
    "level": "info",
    "message": "::ffff:127.0.0.1 - - [19/Nov/2023:16:07:40 +0000] \"GET /pages/1 HTTP/1.1\" 200 467 \"-\" \"insomnia/2023.5.8\""
}

{
    "level": "info",
    "message": "::ffff:127.0.0.1 - - [19/Nov/2023:16:07:40 +0000] \"GET /pages/1 HTTP/1.1\" 200 467 \"-\" \"insomnia/2023.5.8\""
}

{
    "level": "info",
    "message": "::ffff:127.0.0.1 - - [19/Nov/2023:16:07:40 +0000] \"GET /pages/1 HTTP/1.1\" 200 467 \"-\" \"insomnia/2023.5.8\""
}

{
    "level": "info",
    "message": "::ffff:127.0.0.1 - - [19/Nov/2023:16:07:40 +0000] \"GET /pages/1 HTTP/1.1\" 200 467 \"-\" \"insomnia/2023.5.8\""
}

{
    "level": "info",
    "message": "::ffff:127.0.0.1 - - [19/Nov/2023:16:07:41 +0000] \"GET /pages/1 HTTP/1.1\" 200 467 \"-\" \"insomnia/2023.5.8\""
}

{
    "level": "info",
    "message": "::ffff:127.0.0.1 - - [19/Nov/2023:16:07:41 +0000] \"GET /pages/1 HTTP/1.1\" 200 467 \"-\" \"insomnia/2023.5.8\""
}

{
    "level": "info",
    "message": "::ffff:127.0.0.1 - - [19/Nov/2023:16:07:41 +0000] \"GET /pages/1 HTTP/1.1\" 200 467 \"-\" \"insomnia/2023.5.8\""
}

{
    "level": "info",
    "message": "::ffff:127.0.0.1 - - [19/Nov/2023:16:07:46 +0000] \"GET /pages/1 HTTP/1.1\" 200 467 \"-\" \"insomnia/2023.5.8\""
}

{
    "level": "info",
    "message": "::ffff:127.0.0.1 - - [19/Nov/2023:16:07:46 +0000] \"GET /pages/1 HTTP/1.1\" 200 467 \"-\" \"insomnia/2023.5.8\""
}

{
    "level": "info",
    "message": "::ffff:127.0.0.1 - - [19/Nov/2023:16:07:46 +0000] \"GET /pages/1 HTTP/1.1\" 200 467 \"-\" \"insomnia/2023.5.8\""
}

{
    "level": "info",
    "message": "::ffff:127.0.0.1 - - [19/Nov/2023:16:07:46 +0000] \"GET /pages/1 HTTP/1.1\" 200 467 \"-\" \"insomnia/2023.5.8\""
}

{
    "level": "info",
    "message": "::ffff:127.0.0.1 - - [19/Nov/2023:16:07:46 +0000] \"GET /pages/1 HTTP/1.1\" 200 467 \"-\" \"insomnia/2023.5.8\""
}

{
    "level": "info",
    "message": "::ffff:127.0.0.1 - - [19/Nov/2023:16:07:46 +0000] \"GET /pages/1 HTTP/1.1\" 200 467 \"-\" \"insomnia/2023.5.8\""
}

{
    "level": "info",
    "message": "::ffff:127.0.0.1 - - [19/Nov/2023:16:07:47 +0000] \"GET /pages/1 HTTP/1.1\" 200 467 \"-\" \"insomnia/2023.5.8\""
}

{
    "level": "info",
    "message": "::ffff:127.0.0.1 - - [19/Nov/2023:16:07:47 +0000] \"GET /pages/1 HTTP/1.1\" 200 467 \"-\" \"insomnia/2023.5.8\""
}

{
    "level": "info",
    "message": "::ffff:127.0.0.1 - - [19/Nov/2023:16:07:47 +0000] \"GET /pages/1 HTTP/1.1\" 200 467 \"-\" \"insomnia/2023.5.8\""
}

{
    "level": "info",
    "message": "::ffff:127.0.0.1 - - [19/Nov/2023:16:07:47 +0000] \"GET /pages/1 HTTP/1.1\" 200 467 \"-\" \"insomnia/2023.5.8\""
}

{
    "level": "info",
    "message": "::ffff:127.0.0.1 - - [19/Nov/2023:16:07:47 +0000] \"GET /pages/1 HTTP/1.1\" 200 467 \"-\" \"insomnia/2023.5.8\""
}

{
    "level": "info",
    "message": "::ffff:127.0.0.1 - - [19/Nov/2023:16:07:47 +0000] \"GET /pages/1 HTTP/1.1\" 200 467 \"-\" \"insomnia/2023.5.8\""
}

{
    "level": "info",
    "message": "::ffff:127.0.0.1 - - [19/Nov/2023:16:07:48 +0000] \"GET /pages/1 HTTP/1.1\" 200 467 \"-\" \"insomnia/2023.5.8\""
}

{
    "level": "info",
    "message": "::ffff:127.0.0.1 - - [19/Nov/2023:16:07:48 +0000] \"GET /pages/1 HTTP/1.1\" 200 467 \"-\" \"insomnia/2023.5.8\""
}

{
    "level": "info",
    "message": "::ffff:127.0.0.1 - - [19/Nov/2023:16:07:48 +0000] \"GET /pages/1 HTTP/1.1\" 200 467 \"-\" \"insomnia/2023.5.8\""
}

{
    "level": "info",
    "message": "::ffff:127.0.0.1 - - [19/Nov/2023:16:07:48 +0000] \"GET /pages/1 HTTP/1.1\" 200 467 \"-\" \"insomnia/2023.5.8\""
}

{
    "level": "info",
    "message": "::ffff:127.0.0.1 - - [19/Nov/2023:16:07:48 +0000] \"GET /pages/1 HTTP/1.1\" 200 467 \"-\" \"insomnia/2023.5.8\""
}

{
    "level": "info",
    "message": "::ffff:127.0.0.1 - - [19/Nov/2023:16:07:48 +0000] \"GET /pages/1 HTTP/1.1\" 200 467 \"-\" \"insomnia/2023.5.8\""
}

{
    "level": "info",
    "message": "::ffff:127.0.0.1 - - [19/Nov/2023:16:07:49 +0000] \"GET /pages/1 HTTP/1.1\" 200 467 \"-\" \"insomnia/2023.5.8\""
}

{
    "level": "info",
    "message": "::ffff:127.0.0.1 - - [19/Nov/2023:16:07:49 +0000] \"GET /pages/1 HTTP/1.1\" 200 467 \"-\" \"insomnia/2023.5.8\""
}

{
    "level": "info",
    "message": "::ffff:127.0.0.1 - - [19/Nov/2023:16:07:49 +0000] \"GET /pages/1 HTTP/1.1\" 200 467 \"-\" \"insomnia/2023.5.8\""
}

{
    "level": "info",
    "message": "::ffff:127.0.0.1 - - [19/Nov/2023:16:07:49 +0000] \"GET /pages/1 HTTP/1.1\" 200 467 \"-\" \"insomnia/2023.5.8\""
}

{
    "level": "info",
    "message": "::ffff:127.0.0.1 - - [19/Nov/2023:16:07:49 +0000] \"GET /pages/1 HTTP/1.1\" 200 467 \"-\" \"insomnia/2023.5.8\""
}

{
    "level": "info",
    "message": "::ffff:127.0.0.1 - - [19/Nov/2023:16:07:50 +0000] \"GET /pages/1 HTTP/1.1\" 200 467 \"-\" \"insomnia/2023.5.8\""
}

{
    "level": "info",
    "message": "::ffff:127.0.0.1 - - [19/Nov/2023:16:07:50 +0000] \"GET /pages/1 HTTP/1.1\" 200 467 \"-\" \"insomnia/2023.5.8\""
}

{
    "level": "info",
    "message": "::ffff:127.0.0.1 - - [19/Nov/2023:16:07:50 +0000] \"GET /pages/1 HTTP/1.1\" 200 467 \"-\" \"insomnia/2023.5.8\""
}

{
    "level": "info",
    "message": "::ffff:127.0.0.1 - - [19/Nov/2023:16:07:50 +0000] \"GET /pages/1 HTTP/1.1\" 200 467 \"-\" \"insomnia/2023.5.8\""
}

{
    "level": "info",
    "message": "::ffff:127.0.0.1 - - [19/Nov/2023:16:07:50 +0000] \"GET /pages/1 HTTP/1.1\" 200 467 \"-\" \"insomnia/2023.5.8\""
}

{
    "level": "info",
    "message": "::ffff:127.0.0.1 - - [19/Nov/2023:16:07:51 +0000] \"GET /pages/1 HTTP/1.1\" 200 467 \"-\" \"insomnia/2023.5.8\""
}

{
    "level": "info",
    "message": "::ffff:127.0.0.1 - - [19/Nov/2023:16:07:51 +0000] \"GET /pages/1 HTTP/1.1\" 200 467 \"-\" \"insomnia/2023.5.8\""
}

{
    "level": "info",
    "message": "::ffff:127.0.0.1 - - [19/Nov/2023:16:07:51 +0000] \"GET /pages/1 HTTP/1.1\" 200 467 \"-\" \"insomnia/2023.5.8\""
}

{
    "level": "info",
    "message": "::ffff:127.0.0.1 - - [19/Nov/2023:16:07:51 +0000] \"GET /pages/1 HTTP/1.1\" 200 467 \"-\" \"insomnia/2023.5.8\""
}

{
    "level": "info",
    "message": "::ffff:127.0.0.1 - - [19/Nov/2023:16:07:52 +0000] \"GET /pages/1 HTTP/1.1\" 200 467 \"-\" \"insomnia/2023.5.8\""
}

{
    "level": "info",
    "message": "::ffff:127.0.0.1 - - [19/Nov/2023:16:07:52 +0000] \"GET /pages/1 HTTP/1.1\" 200 467 \"-\" \"insomnia/2023.5.8\""
}

{
    "level": "info",
    "message": "::ffff:127.0.0.1 - - [19/Nov/2023:16:07:52 +0000] \"GET /pages/1 HTTP/1.1\" 200 467 \"-\" \"insomnia/2023.5.8\""
}

{
    "level": "info",
    "message": "::ffff:127.0.0.1 - - [19/Nov/2023:16:07:52 +0000] \"GET /pages/1 HTTP/1.1\" 200 467 \"-\" \"insomnia/2023.5.8\""
}

{
    "level": "info",
    "message": "::ffff:127.0.0.1 - - [19/Nov/2023:16:07:52 +0000] \"GET /pages/1 HTTP/1.1\" 200 467 \"-\" \"insomnia/2023.5.8\""
}

{
    "level": "info",
    "message": "::ffff:127.0.0.1 - - [19/Nov/2023:16:07:53 +0000] \"GET /pages/1 HTTP/1.1\" 200 467 \"-\" \"insomnia/2023.5.8\""
}

{
    "level": "info",
    "message": "::ffff:127.0.0.1 - - [19/Nov/2023:16:07:53 +0000] \"GET /pages/1 HTTP/1.1\" 200 467 \"-\" \"insomnia/2023.5.8\""
}

{
    "level": "info",
    "message": "::ffff:127.0.0.1 - - [19/Nov/2023:16:07:53 +0000] \"GET /pages/1 HTTP/1.1\" 200 467 \"-\" \"insomnia/2023.5.8\""
}

{
    "level": "info",
    "message": "::ffff:127.0.0.1 - - [19/Nov/2023:16:07:53 +0000] \"GET /pages/1 HTTP/1.1\" 200 467 \"-\" \"insomnia/2023.5.8\""
}

{
    "level": "info",
    "message": "::ffff:127.0.0.1 - - [19/Nov/2023:16:07:53 +0000] \"GET /pages/1 HTTP/1.1\" 200 467 \"-\" \"insomnia/2023.5.8\""
}

{
    "level": "info",
    "message": "::ffff:127.0.0.1 - - [19/Nov/2023:16:07:53 +0000] \"GET /pages/1 HTTP/1.1\" 200 467 \"-\" \"insomnia/2023.5.8\""
}

{
    "level": "info",
    "message": "::ffff:127.0.0.1 - - [19/Nov/2023:16:07:54 +0000] \"GET /pages/1 HTTP/1.1\" 200 467 \"-\" \"insomnia/2023.5.8\""
}

{
    "level": "info",
    "message": "::ffff:127.0.0.1 - - [19/Nov/2023:16:07:54 +0000] \"GET /pages/1 HTTP/1.1\" 200 467 \"-\" \"insomnia/2023.5.8\""
}

{
    "level": "info",
    "message": "::ffff:127.0.0.1 - - [19/Nov/2023:16:07:54 +0000] \"GET /pages/1 HTTP/1.1\" 200 467 \"-\" \"insomnia/2023.5.8\""
}

{
    "level": "info",
    "message": "::ffff:127.0.0.1 - - [19/Nov/2023:16:07:54 +0000] \"GET /pages/1 HTTP/1.1\" 200 467 \"-\" \"insomnia/2023.5.8\""
}

{
    "level": "info",
    "message": "::ffff:127.0.0.1 - - [19/Nov/2023:16:07:54 +0000] \"GET /pages/1 HTTP/1.1\" 200 467 \"-\" \"insomnia/2023.5.8\""
}

{
    "level": "info",
    "message": "::ffff:127.0.0.1 - - [19/Nov/2023:16:07:55 +0000] \"GET /pages/1 HTTP/1.1\" 200 467 \"-\" \"insomnia/2023.5.8\""
}

{
    "level": "info",
    "message": "::ffff:127.0.0.1 - - [19/Nov/2023:16:07:55 +0000] \"GET /pages/1 HTTP/1.1\" 200 467 \"-\" \"insomnia/2023.5.8\""
}

{
    "level": "info",
    "message": "::ffff:127.0.0.1 - - [19/Nov/2023:16:07:55 +0000] \"GET /pages/1 HTTP/1.1\" 200 467 \"-\" \"insomnia/2023.5.8\""
}

{
    "level": "info",
    "message": "::ffff:127.0.0.1 - - [19/Nov/2023:16:07:55 +0000] \"GET /pages/1 HTTP/1.1\" 200 467 \"-\" \"insomnia/2023.5.8\""
}

{
    "level": "info",
    "message": "::ffff:127.0.0.1 - - [19/Nov/2023:16:07:55 +0000] \"GET /pages/1 HTTP/1.1\" 200 467 \"-\" \"insomnia/2023.5.8\""
}

{
    "level": "info",
    "message": "::ffff:127.0.0.1 - - [19/Nov/2023:16:07:55 +0000] \"GET /pages/1 HTTP/1.1\" 200 467 \"-\" \"insomnia/2023.5.8\""
}

{
    "level": "info",
    "message": "::ffff:127.0.0.1 - - [19/Nov/2023:16:07:56 +0000] \"GET /pages/1 HTTP/1.1\" 200 467 \"-\" \"insomnia/2023.5.8\""
}

{
    "level": "info",
    "message": "::ffff:127.0.0.1 - - [19/Nov/2023:16:07:56 +0000] \"GET /pages/1 HTTP/1.1\" 200 467 \"-\" \"insomnia/2023.5.8\""
}

{
    "level": "info",
    "message": "::ffff:127.0.0.1 - - [19/Nov/2023:16:07:56 +0000] \"GET /pages/1 HTTP/1.1\" 200 467 \"-\" \"insomnia/2023.5.8\""
}

{
    "level": "info",
    "message": "::ffff:127.0.0.1 - - [19/Nov/2023:16:07:56 +0000] \"GET /pages/1 HTTP/1.1\" 200 467 \"-\" \"insomnia/2023.5.8\""
}

{
    "level": "info",
    "message": "::ffff:127.0.0.1 - - [19/Nov/2023:16:07:56 +0000] \"GET /pages/1 HTTP/1.1\" 200 467 \"-\" \"insomnia/2023.5.8\""
}

{
    "level": "info",
    "message": "::ffff:127.0.0.1 - - [19/Nov/2023:16:07:57 +0000] \"GET /pages/1 HTTP/1.1\" 200 467 \"-\" \"insomnia/2023.5.8\""
}

{
    "level": "info",
    "message": "::ffff:127.0.0.1 - - [19/Nov/2023:16:07:57 +0000] \"GET /pages/1 HTTP/1.1\" 200 467 \"-\" \"insomnia/2023.5.8\""
}

{
    "level": "info",
    "message": "::ffff:127.0.0.1 - - [19/Nov/2023:16:07:57 +0000] \"GET /pages/1 HTTP/1.1\" 200 467 \"-\" \"insomnia/2023.5.8\""
}

{
    "level": "info",
    "message": "::ffff:127.0.0.1 - - [19/Nov/2023:16:07:57 +0000] \"GET /pages/1 HTTP/1.1\" 200 467 \"-\" \"insomnia/2023.5.8\""
}

{
    "level": "info",
    "message": "::ffff:127.0.0.1 - - [19/Nov/2023:16:07:57 +0000] \"GET /pages/1 HTTP/1.1\" 200 467 \"-\" \"insomnia/2023.5.8\""
}

{
    "level": "info",
    "message": "::ffff:127.0.0.1 - - [19/Nov/2023:16:07:58 +0000] \"GET /pages/1 HTTP/1.1\" 200 467 \"-\" \"insomnia/2023.5.8\""
}

{
    "level": "info",
    "message": "::ffff:127.0.0.1 - - [19/Nov/2023:16:07:58 +0000] \"GET /pages/1 HTTP/1.1\" 200 467 \"-\" \"insomnia/2023.5.8\""
}

{
    "level": "info",
    "message": "::ffff:127.0.0.1 - - [19/Nov/2023:16:07:58 +0000] \"GET /pages/1 HTTP/1.1\" 200 467 \"-\" \"insomnia/2023.5.8\""
}

{
    "level": "info",
    "message": "::ffff:127.0.0.1 - - [19/Nov/2023:16:07:58 +0000] \"GET /pages/1 HTTP/1.1\" 200 467 \"-\" \"insomnia/2023.5.8\""
}

{
    "level": "info",
    "message": "::ffff:127.0.0.1 - - [19/Nov/2023:16:07:58 +0000] \"GET /pages/1 HTTP/1.1\" 200 467 \"-\" \"insomnia/2023.5.8\""
}

{
    "level": "info",
    "message": "::ffff:127.0.0.1 - - [19/Nov/2023:16:07:58 +0000] \"GET /pages/1 HTTP/1.1\" 200 467 \"-\" \"insomnia/2023.5.8\""
}

{
    "level": "info",
    "message": "::ffff:127.0.0.1 - - [19/Nov/2023:16:07:59 +0000] \"GET /pages/1 HTTP/1.1\" 200 467 \"-\" \"insomnia/2023.5.8\""
}

{
    "level": "info",
    "message": "::ffff:127.0.0.1 - - [19/Nov/2023:16:07:59 +0000] \"GET /pages/1 HTTP/1.1\" 200 467 \"-\" \"insomnia/2023.5.8\""
}

{
    "level": "info",
    "message": "::ffff:127.0.0.1 - - [19/Nov/2023:16:07:59 +0000] \"GET /pages/1 HTTP/1.1\" 200 467 \"-\" \"insomnia/2023.5.8\""
}

{
    "level": "info",
    "message": "::ffff:127.0.0.1 - - [19/Nov/2023:16:07:59 +0000] \"GET /pages/1 HTTP/1.1\" 200 467 \"-\" \"insomnia/2023.5.8\""
}

{
    "level": "info",
    "message": "::ffff:127.0.0.1 - - [19/Nov/2023:16:08:00 +0000] \"GET /pages/1 HTTP/1.1\" 200 467 \"-\" \"insomnia/2023.5.8\""
}

{
    "level": "info",
    "message": "::ffff:127.0.0.1 - - [19/Nov/2023:16:08:00 +0000] \"GET /pages/1 HTTP/1.1\" 200 467 \"-\" \"insomnia/2023.5.8\""
}

{
    "level": "info",
    "message": "::ffff:127.0.0.1 - - [19/Nov/2023:16:08:00 +0000] \"GET /pages/1 HTTP/1.1\" 200 467 \"-\" \"insomnia/2023.5.8\""
}

{
    "level": "info",
    "message": "::ffff:127.0.0.1 - - [19/Nov/2023:16:08:00 +0000] \"GET /pages/1 HTTP/1.1\" 200 467 \"-\" \"insomnia/2023.5.8\""
}

{
    "level": "info",
    "message": "::ffff:127.0.0.1 - - [19/Nov/2023:16:08:00 +0000] \"GET /pages/1 HTTP/1.1\" 200 467 \"-\" \"insomnia/2023.5.8\""
}

{
    "level": "info",
    "message": "::ffff:127.0.0.1 - - [19/Nov/2023:16:08:00 +0000] \"GET /pages/1 HTTP/1.1\" 200 467 \"-\" \"insomnia/2023.5.8\""
}

{
    "level": "info",
    "message": "::ffff:127.0.0.1 - - [19/Nov/2023:16:08:01 +0000] \"GET /pages/1 HTTP/1.1\" 200 467 \"-\" \"insomnia/2023.5.8\""
}

{
    "level": "info",
    "message": "::ffff:127.0.0.1 - - [19/Nov/2023:16:08:01 +0000] \"GET /pages/1 HTTP/1.1\" 200 467 \"-\" \"insomnia/2023.5.8\""
}

{
    "level": "info",
    "message": "::ffff:127.0.0.1 - - [19/Nov/2023:16:08:01 +0000] \"GET /pages/1 HTTP/1.1\" 200 467 \"-\" \"insomnia/2023.5.8\""
}

{
    "level": "info",
    "message": "::ffff:127.0.0.1 - - [19/Nov/2023:16:08:01 +0000] \"GET /pages/1 HTTP/1.1\" 200 467 \"-\" \"insomnia/2023.5.8\""
}

{
    "level": "info",
    "message": "::ffff:127.0.0.1 - - [19/Nov/2023:16:08:01 +0000] \"GET /pages/1 HTTP/1.1\" 200 467 \"-\" \"insomnia/2023.5.8\""
}

{
    "level": "info",
    "message": "::ffff:127.0.0.1 - - [19/Nov/2023:16:08:02 +0000] \"GET /pages/1 HTTP/1.1\" 200 467 \"-\" \"insomnia/2023.5.8\""
}

{
    "level": "info",
    "message": "Servidor rodando na porta 3010"
}

{
    "level": "info",
    "message": "Servidor rodando na porta 3010"
}

{
    "level": "info",
    "message": "Servidor rodando na porta 3010"
}

{
    "level": "info",
    "message": "Servidor rodando na porta 3010"
}

{
    "level": "info",
    "message": "Servidor rodando na porta 3010"
}

{
    "level": "info",
    "message": "::ffff:127.0.0.1 - - [19/Nov/2023:16:09:27 +0000] \"GET /pages/1 HTTP/1.1\" 200 467 \"-\" \"insomnia/2023.5.8\""
}

{
    "level": "info",
    "message": "::ffff:127.0.0.1 - - [19/Nov/2023:16:09:27 +0000] \"GET /pages/1 HTTP/1.1\" 200 467 \"-\" \"insomnia/2023.5.8\""
}

{
    "level": "info",
    "message": "::ffff:127.0.0.1 - - [19/Nov/2023:16:09:27 +0000] \"GET /pages/1 HTTP/1.1\" 200 467 \"-\" \"insomnia/2023.5.8\""
}

{
    "level": "info",
    "message": "::ffff:127.0.0.1 - - [19/Nov/2023:16:09:28 +0000] \"GET /pages/1 HTTP/1.1\" 200 467 \"-\" \"insomnia/2023.5.8\""
}

{
    "level": "info",
    "message": "::ffff:127.0.0.1 - - [19/Nov/2023:16:09:28 +0000] \"GET /pages/1 HTTP/1.1\" 200 467 \"-\" \"insomnia/2023.5.8\""
}

{
    "level": "info",
    "message": "::ffff:127.0.0.1 - - [19/Nov/2023:16:09:28 +0000] \"GET /pages/1 HTTP/1.1\" 200 467 \"-\" \"insomnia/2023.5.8\""
}

{
    "level": "info",
    "message": "::ffff:127.0.0.1 - - [19/Nov/2023:16:09:28 +0000] \"GET /pages/1 HTTP/1.1\" 200 467 \"-\" \"insomnia/2023.5.8\""
}

{
    "level": "info",
    "message": "::ffff:127.0.0.1 - - [19/Nov/2023:16:09:28 +0000] \"GET /pages/1 HTTP/1.1\" 200 467 \"-\" \"insomnia/2023.5.8\""
}

{
    "level": "info",
    "message": "::ffff:127.0.0.1 - - [19/Nov/2023:16:09:28 +0000] \"GET /pages/1 HTTP/1.1\" 200 467 \"-\" \"insomnia/2023.5.8\""
}

{
    "level": "info",
    "message": "::ffff:127.0.0.1 - - [19/Nov/2023:16:09:30 +0000] \"GET /pages/1 HTTP/1.1\" 200 467 \"-\" \"insomnia/2023.5.8\""
}

{
    "level": "info",
    "message": "::ffff:127.0.0.1 - - [19/Nov/2023:16:09:31 +0000] \"GET /pages/1 HTTP/1.1\" 200 467 \"-\" \"insomnia/2023.5.8\""
}

{
    "level": "info",
    "message": "::ffff:127.0.0.1 - - [19/Nov/2023:16:09:32 +0000] \"GET /pages/1 HTTP/1.1\" 200 467 \"-\" \"insomnia/2023.5.8\""
}

{
    "level": "info",
    "message": "::ffff:127.0.0.1 - - [19/Nov/2023:16:09:33 +0000] \"GET /pages/1 HTTP/1.1\" 200 467 \"-\" \"insomnia/2023.5.8\""
}

{
    "level": "info",
    "message": "::ffff:127.0.0.1 - - [19/Nov/2023:16:09:33 +0000] \"GET /pages/1 HTTP/1.1\" 200 467 \"-\" \"insomnia/2023.5.8\""
}

{
    "level": "info",
    "message": "::ffff:127.0.0.1 - - [19/Nov/2023:16:09:33 +0000] \"GET /pages/1 HTTP/1.1\" 200 467 \"-\" \"insomnia/2023.5.8\""
}

{
    "level": "info",
    "message": "::ffff:127.0.0.1 - - [19/Nov/2023:16:09:34 +0000] \"GET /pages/1 HTTP/1.1\" 200 467 \"-\" \"insomnia/2023.5.8\""
}

{
    "level": "info",
    "message": "::ffff:127.0.0.1 - - [19/Nov/2023:16:09:34 +0000] \"GET /pages/1 HTTP/1.1\" 200 467 \"-\" \"insomnia/2023.5.8\""
}

{
    "level": "info",
    "message": "::ffff:127.0.0.1 - - [19/Nov/2023:16:09:34 +0000] \"GET /pages/1 HTTP/1.1\" 200 467 \"-\" \"insomnia/2023.5.8\""
}

{
    "level": "info",
    "message": "::ffff:127.0.0.1 - - [19/Nov/2023:16:09:34 +0000] \"GET /pages/1 HTTP/1.1\" 200 467 \"-\" \"insomnia/2023.5.8\""
}

{
    "level": "info",
    "message": "::ffff:127.0.0.1 - - [19/Nov/2023:16:09:34 +0000] \"GET /pages/1 HTTP/1.1\" 200 467 \"-\" \"insomnia/2023.5.8\""
}

{
    "level": "info",
    "message": "::ffff:127.0.0.1 - - [19/Nov/2023:16:09:34 +0000] \"GET /pages/1 HTTP/1.1\" 200 467 \"-\" \"insomnia/2023.5.8\""
}

{
    "level": "info",
    "message": "::ffff:127.0.0.1 - - [19/Nov/2023:16:09:35 +0000] \"GET /pages/1 HTTP/1.1\" 200 467 \"-\" \"insomnia/2023.5.8\""
}

{
    "level": "info",
    "message": "::ffff:127.0.0.1 - - [19/Nov/2023:16:09:35 +0000] \"GET /pages/1 HTTP/1.1\" 200 467 \"-\" \"insomnia/2023.5.8\""
}

{
    "level": "info",
    "message": "::ffff:127.0.0.1 - - [19/Nov/2023:16:09:35 +0000] \"GET /pages/1 HTTP/1.1\" 200 467 \"-\" \"insomnia/2023.5.8\""
}

{
    "level": "info",
    "message": "::ffff:127.0.0.1 - - [19/Nov/2023:16:09:35 +0000] \"GET /pages/1 HTTP/1.1\" 200 467 \"-\" \"insomnia/2023.5.8\""
}

{
    "level": "info",
    "message": "::ffff:127.0.0.1 - - [19/Nov/2023:16:09:35 +0000] \"GET /pages/1 HTTP/1.1\" 200 467 \"-\" \"insomnia/2023.5.8\""
}

{
    "level": "info",
    "message": "::ffff:127.0.0.1 - - [19/Nov/2023:16:09:36 +0000] \"GET /pages/1 HTTP/1.1\" 200 467 \"-\" \"insomnia/2023.5.8\""
}

{
    "level": "info",
    "message": "::ffff:127.0.0.1 - - [19/Nov/2023:16:09:36 +0000] \"GET /pages/1 HTTP/1.1\" 200 467 \"-\" \"insomnia/2023.5.8\""
}

{
    "level": "info",
    "message": "::ffff:127.0.0.1 - - [19/Nov/2023:16:09:36 +0000] \"GET /pages/1 HTTP/1.1\" 200 467 \"-\" \"insomnia/2023.5.8\""
}

{
    "level": "info",
    "message": "::ffff:127.0.0.1 - - [19/Nov/2023:16:09:36 +0000] \"GET /pages/1 HTTP/1.1\" 200 467 \"-\" \"insomnia/2023.5.8\""
}

{
    "level": "info",
    "message": "::ffff:127.0.0.1 - - [19/Nov/2023:16:09:37 +0000] \"GET /pages/1 HTTP/1.1\" 200 467 \"-\" \"insomnia/2023.5.8\""
}

{
    "level": "info",
    "message": "::ffff:127.0.0.1 - - [19/Nov/2023:16:09:37 +0000] \"GET /pages/1 HTTP/1.1\" 200 467 \"-\" \"insomnia/2023.5.8\""
}

{
    "level": "info",
    "message": "::ffff:127.0.0.1 - - [19/Nov/2023:16:09:37 +0000] \"GET /pages/1 HTTP/1.1\" 200 467 \"-\" \"insomnia/2023.5.8\""
}

{
    "level": "info",
    "message": "::ffff:127.0.0.1 - - [19/Nov/2023:16:09:37 +0000] \"GET /pages/1 HTTP/1.1\" 200 467 \"-\" \"insomnia/2023.5.8\""
}

{
    "level": "info",
    "message": "::ffff:127.0.0.1 - - [19/Nov/2023:16:09:37 +0000] \"GET /pages/1 HTTP/1.1\" 200 467 \"-\" \"insomnia/2023.5.8\""
}

{
    "level": "info",
    "message": "::ffff:127.0.0.1 - - [19/Nov/2023:16:09:37 +0000] \"GET /pages/1 HTTP/1.1\" 200 467 \"-\" \"insomnia/2023.5.8\""
}

{
    "level": "info",
    "message": "::ffff:127.0.0.1 - - [19/Nov/2023:16:09:37 +0000] \"GET /pages/1 HTTP/1.1\" 200 467 \"-\" \"insomnia/2023.5.8\""
}

{
    "level": "info",
    "message": "::ffff:127.0.0.1 - - [19/Nov/2023:16:09:38 +0000] \"GET /pages/1 HTTP/1.1\" 200 467 \"-\" \"insomnia/2023.5.8\""
}

{
    "level": "info",
    "message": "::ffff:127.0.0.1 - - [19/Nov/2023:16:09:38 +0000] \"GET /pages/1 HTTP/1.1\" 200 467 \"-\" \"insomnia/2023.5.8\""
}

{
    "level": "info",
    "message": "::ffff:127.0.0.1 - - [19/Nov/2023:16:09:39 +0000] \"GET /pages/1 HTTP/1.1\" 200 467 \"-\" \"insomnia/2023.5.8\""
}

{
    "level": "info",
    "message": "::ffff:127.0.0.1 - - [19/Nov/2023:16:09:39 +0000] \"GET /pages/1 HTTP/1.1\" 200 467 \"-\" \"insomnia/2023.5.8\""
}

{
    "level": "info",
    "message": "::ffff:127.0.0.1 - - [19/Nov/2023:16:09:39 +0000] \"GET /pages/1 HTTP/1.1\" 200 467 \"-\" \"insomnia/2023.5.8\""
}

{
    "level": "info",
    "message": "::ffff:127.0.0.1 - - [19/Nov/2023:16:09:39 +0000] \"GET /pages/1 HTTP/1.1\" 200 467 \"-\" \"insomnia/2023.5.8\""
}

{
    "level": "info",
    "message": "::ffff:127.0.0.1 - - [19/Nov/2023:16:09:40 +0000] \"GET /pages/1 HTTP/1.1\" 200 467 \"-\" \"insomnia/2023.5.8\""
}

{
    "level": "info",
    "message": "::ffff:127.0.0.1 - - [19/Nov/2023:16:09:41 +0000] \"GET /pages/1 HTTP/1.1\" 200 467 \"-\" \"insomnia/2023.5.8\""
}

{
    "level": "info",
    "message": "::ffff:127.0.0.1 - - [19/Nov/2023:16:09:41 +0000] \"GET /pages/1 HTTP/1.1\" 200 467 \"-\" \"insomnia/2023.5.8\""
}

{
    "level": "info",
    "message": "::ffff:127.0.0.1 - - [19/Nov/2023:16:09:41 +0000] \"GET /pages/1 HTTP/1.1\" 200 467 \"-\" \"insomnia/2023.5.8\""
}

{
    "level": "info",
    "message": "::ffff:127.0.0.1 - - [19/Nov/2023:16:09:41 +0000] \"GET /pages/1 HTTP/1.1\" 200 467 \"-\" \"insomnia/2023.5.8\""
}

{
    "level": "info",
    "message": "::ffff:127.0.0.1 - - [19/Nov/2023:16:09:41 +0000] \"GET /pages/1 HTTP/1.1\" 200 467 \"-\" \"insomnia/2023.5.8\""
}

{
    "level": "info",
    "message": "::ffff:127.0.0.1 - - [19/Nov/2023:16:09:42 +0000] \"GET /pages/1 HTTP/1.1\" 200 467 \"-\" \"insomnia/2023.5.8\""
}

{
    "level": "info",
    "message": "::ffff:127.0.0.1 - - [19/Nov/2023:16:09:42 +0000] \"GET /pages/1 HTTP/1.1\" 200 467 \"-\" \"insomnia/2023.5.8\""
}

{
    "level": "info",
    "message": "::ffff:127.0.0.1 - - [19/Nov/2023:16:09:42 +0000] \"GET /pages/1 HTTP/1.1\" 200 467 \"-\" \"insomnia/2023.5.8\""
}

{
    "level": "info",
    "message": "::ffff:127.0.0.1 - - [19/Nov/2023:16:09:42 +0000] \"GET /pages/1 HTTP/1.1\" 200 467 \"-\" \"insomnia/2023.5.8\""
}

{
    "level": "info",
    "message": "::ffff:127.0.0.1 - - [19/Nov/2023:16:09:42 +0000] \"GET /pages/1 HTTP/1.1\" 200 467 \"-\" \"insomnia/2023.5.8\""
}

{
    "level": "info",
    "message": "::ffff:127.0.0.1 - - [19/Nov/2023:16:09:43 +0000] \"GET /pages/1 HTTP/1.1\" 200 467 \"-\" \"insomnia/2023.5.8\""
}

{
    "level": "info",
    "message": "::ffff:127.0.0.1 - - [19/Nov/2023:16:09:43 +0000] \"GET /pages/1 HTTP/1.1\" 200 467 \"-\" \"insomnia/2023.5.8\""
}

{
    "level": "info",
    "message": "::ffff:127.0.0.1 - - [19/Nov/2023:16:09:43 +0000] \"GET /pages/1 HTTP/1.1\" 200 467 \"-\" \"insomnia/2023.5.8\""
}

{
    "level": "info",
    "message": "::ffff:127.0.0.1 - - [19/Nov/2023:16:09:43 +0000] \"GET /pages/1 HTTP/1.1\" 200 467 \"-\" \"insomnia/2023.5.8\""
}

{
    "level": "info",
    "message": "::ffff:127.0.0.1 - - [19/Nov/2023:16:09:44 +0000] \"GET /pages/1 HTTP/1.1\" 200 467 \"-\" \"insomnia/2023.5.8\""
}

{
    "level": "info",
    "message": "::ffff:127.0.0.1 - - [19/Nov/2023:16:09:47 +0000] \"GET /pages/1 HTTP/1.1\" 200 467 \"-\" \"insomnia/2023.5.8\""
}

{
    "level": "info",
    "message": "::ffff:127.0.0.1 - - [19/Nov/2023:16:09:47 +0000] \"GET /pages/1 HTTP/1.1\" 200 467 \"-\" \"insomnia/2023.5.8\""
}

{
    "level": "info",
    "message": "::ffff:127.0.0.1 - - [19/Nov/2023:16:09:47 +0000] \"GET /pages/1 HTTP/1.1\" 200 467 \"-\" \"insomnia/2023.5.8\""
}

{
    "level": "info",
    "message": "::ffff:127.0.0.1 - - [19/Nov/2023:16:09:47 +0000] \"GET /pages/1 HTTP/1.1\" 200 467 \"-\" \"insomnia/2023.5.8\""
}

{
    "level": "info",
    "message": "::ffff:127.0.0.1 - - [19/Nov/2023:16:09:47 +0000] \"GET /pages/1 HTTP/1.1\" 200 467 \"-\" \"insomnia/2023.5.8\""
}

{
    "level": "info",
    "message": "::ffff:127.0.0.1 - - [19/Nov/2023:16:09:48 +0000] \"GET /pages/1 HTTP/1.1\" 200 467 \"-\" \"insomnia/2023.5.8\""
}

{
    "level": "info",
    "message": "::ffff:127.0.0.1 - - [19/Nov/2023:16:09:48 +0000] \"GET /pages/1 HTTP/1.1\" 200 467 \"-\" \"insomnia/2023.5.8\""
}

{
    "level": "info",
    "message": "::ffff:127.0.0.1 - - [19/Nov/2023:16:09:48 +0000] \"GET /pages/1 HTTP/1.1\" 200 467 \"-\" \"insomnia/2023.5.8\""
}

{
    "level": "info",
    "message": "::ffff:127.0.0.1 - - [19/Nov/2023:16:09:48 +0000] \"GET /pages/1 HTTP/1.1\" 200 467 \"-\" \"insomnia/2023.5.8\""
}

{
    "level": "info",
    "message": "::ffff:127.0.0.1 - - [19/Nov/2023:16:09:48 +0000] \"GET /pages/1 HTTP/1.1\" 200 467 \"-\" \"insomnia/2023.5.8\""
}

{
    "level": "info",
    "message": "::ffff:127.0.0.1 - - [19/Nov/2023:16:09:48 +0000] \"GET /pages/1 HTTP/1.1\" 200 467 \"-\" \"insomnia/2023.5.8\""
}

{
    "level": "info",
    "message": "::ffff:127.0.0.1 - - [19/Nov/2023:16:09:48 +0000] \"GET /pages/1 HTTP/1.1\" 200 467 \"-\" \"insomnia/2023.5.8\""
}

{
    "level": "info",
    "message": "::ffff:127.0.0.1 - - [19/Nov/2023:16:09:48 +0000] \"GET /pages/1 HTTP/1.1\" 200 467 \"-\" \"insomnia/2023.5.8\""
}

{
    "level": "info",
    "message": "::ffff:127.0.0.1 - - [19/Nov/2023:16:09:48 +0000] \"GET /pages/1 HTTP/1.1\" 200 467 \"-\" \"insomnia/2023.5.8\""
}

{
    "level": "info",
    "message": "::ffff:127.0.0.1 - - [19/Nov/2023:16:09:49 +0000] \"GET /pages/1 HTTP/1.1\" 200 467 \"-\" \"insomnia/2023.5.8\""
}

{
    "level": "info",
    "message": "::ffff:127.0.0.1 - - [19/Nov/2023:16:09:49 +0000] \"GET /pages/1 HTTP/1.1\" 200 467 \"-\" \"insomnia/2023.5.8\""
}

{
    "level": "info",
    "message": "::ffff:127.0.0.1 - - [19/Nov/2023:16:09:49 +0000] \"GET /pages/1 HTTP/1.1\" 200 467 \"-\" \"insomnia/2023.5.8\""
}

{
    "level": "info",
    "message": "::ffff:127.0.0.1 - - [19/Nov/2023:16:09:49 +0000] \"GET /pages/1 HTTP/1.1\" 200 467 \"-\" \"insomnia/2023.5.8\""
}

{
    "level": "info",
    "message": "::ffff:127.0.0.1 - - [19/Nov/2023:16:09:49 +0000] \"GET /pages/1 HTTP/1.1\" 200 467 \"-\" \"insomnia/2023.5.8\""
}

{
    "level": "info",
    "message": "::ffff:127.0.0.1 - - [19/Nov/2023:16:09:49 +0000] \"GET /pages/1 HTTP/1.1\" 200 467 \"-\" \"insomnia/2023.5.8\""
}

{
    "level": "info",
    "message": "::ffff:127.0.0.1 - - [19/Nov/2023:16:09:50 +0000] \"GET /pages/1 HTTP/1.1\" 200 467 \"-\" \"insomnia/2023.5.8\""
}

{
    "level": "info",
    "message": "::ffff:127.0.0.1 - - [19/Nov/2023:16:09:50 +0000] \"GET /pages/1 HTTP/1.1\" 200 467 \"-\" \"insomnia/2023.5.8\""
}

{
    "level": "info",
    "message": "::ffff:127.0.0.1 - - [19/Nov/2023:16:09:50 +0000] \"GET /pages/1 HTTP/1.1\" 200 467 \"-\" \"insomnia/2023.5.8\""
}

{
    "level": "info",
    "message": "::ffff:127.0.0.1 - - [19/Nov/2023:16:09:50 +0000] \"GET /pages/1 HTTP/1.1\" 200 467 \"-\" \"insomnia/2023.5.8\""
}

{
    "level": "info",
    "message": "::ffff:127.0.0.1 - - [19/Nov/2023:16:09:50 +0000] \"GET /pages/1 HTTP/1.1\" 200 467 \"-\" \"insomnia/2023.5.8\""
}

{
    "level": "info",
    "message": "::ffff:127.0.0.1 - - [19/Nov/2023:16:09:50 +0000] \"GET /pages/1 HTTP/1.1\" 200 467 \"-\" \"insomnia/2023.5.8\""
}

{
    "level": "info",
    "message": "::ffff:127.0.0.1 - - [19/Nov/2023:16:09:50 +0000] \"GET /pages/1 HTTP/1.1\" 200 467 \"-\" \"insomnia/2023.5.8\""
}

{
    "level": "info",
    "message": "::ffff:127.0.0.1 - - [19/Nov/2023:16:09:50 +0000] \"GET /pages/1 HTTP/1.1\" 200 467 \"-\" \"insomnia/2023.5.8\""
}

{
    "level": "info",
    "message": "::ffff:127.0.0.1 - - [19/Nov/2023:16:09:50 +0000] \"GET /pages/1 HTTP/1.1\" 200 467 \"-\" \"insomnia/2023.5.8\""
}

{
    "level": "info",
    "message": "::ffff:127.0.0.1 - - [19/Nov/2023:16:09:50 +0000] \"GET /pages/1 HTTP/1.1\" 200 467 \"-\" \"insomnia/2023.5.8\""
}

{
    "level": "info",
    "message": "::ffff:127.0.0.1 - - [19/Nov/2023:16:09:51 +0000] \"GET /pages/1 HTTP/1.1\" 200 467 \"-\" \"insomnia/2023.5.8\""
}

{
    "level": "info",
    "message": "::ffff:127.0.0.1 - - [19/Nov/2023:16:09:51 +0000] \"GET /pages/1 HTTP/1.1\" 200 467 \"-\" \"insomnia/2023.5.8\""
}

{
    "level": "info",
    "message": "::ffff:127.0.0.1 - - [19/Nov/2023:16:09:51 +0000] \"GET /pages/1 HTTP/1.1\" 200 467 \"-\" \"insomnia/2023.5.8\""
}

{
    "level": "info",
    "message": "::ffff:127.0.0.1 - - [19/Nov/2023:16:09:51 +0000] \"GET /pages/1 HTTP/1.1\" 200 467 \"-\" \"insomnia/2023.5.8\""
}

{
    "level": "info",
    "message": "::ffff:127.0.0.1 - - [19/Nov/2023:16:09:51 +0000] \"GET /pages/1 HTTP/1.1\" 200 467 \"-\" \"insomnia/2023.5.8\""
}

{
    "level": "info",
    "message": "::ffff:127.0.0.1 - - [19/Nov/2023:16:09:51 +0000] \"GET /pages/1 HTTP/1.1\" 200 467 \"-\" \"insomnia/2023.5.8\""
}

{
    "level": "info",
    "message": "::ffff:127.0.0.1 - - [19/Nov/2023:16:09:52 +0000] \"GET /pages/1 HTTP/1.1\" 200 467 \"-\" \"insomnia/2023.5.8\""
}

{
    "level": "info",
    "message": "::ffff:127.0.0.1 - - [19/Nov/2023:16:09:52 +0000] \"GET /pages/1 HTTP/1.1\" 200 467 \"-\" \"insomnia/2023.5.8\""
}

{
    "level": "info",
    "message": "::ffff:127.0.0.1 - - [19/Nov/2023:16:09:52 +0000] \"GET /pages/1 HTTP/1.1\" 200 467 \"-\" \"insomnia/2023.5.8\""
}

{
    "level": "info",
    "message": "::ffff:127.0.0.1 - - [19/Nov/2023:16:09:52 +0000] \"GET /pages/1 HTTP/1.1\" 200 467 \"-\" \"insomnia/2023.5.8\""
}

{
    "level": "info",
    "message": "::ffff:127.0.0.1 - - [19/Nov/2023:16:09:52 +0000] \"GET /pages/1 HTTP/1.1\" 200 467 \"-\" \"insomnia/2023.5.8\""
}

{
    "level": "info",
    "message": "::ffff:127.0.0.1 - - [19/Nov/2023:16:09:52 +0000] \"GET /pages/1 HTTP/1.1\" 200 467 \"-\" \"insomnia/2023.5.8\""
}

{
    "level": "info",
    "message": "::ffff:127.0.0.1 - - [19/Nov/2023:16:09:52 +0000] \"GET /pages/1 HTTP/1.1\" 200 467 \"-\" \"insomnia/2023.5.8\""
}

{
    "level": "info",
    "message": "Servidor rodando na porta 3010"
}

{
    "level": "info",
    "message": "Servidor rodando na porta 3010"
}

{
    "level": "info",
    "message": "::ffff:127.0.0.1 - - [19/Nov/2023:16:22:57 +0000] \"GET /pages/1 HTTP/1.1\" 200 463 \"-\" \"insomnia/2023.5.8\""
}

{
    "level": "info",
    "message": "::ffff:127.0.0.1 - - [19/Nov/2023:16:22:59 +0000] \"GET /pages/1 HTTP/1.1\" 200 463 \"-\" \"insomnia/2023.5.8\""
}

{
    "level": "info",
    "message": "::ffff:127.0.0.1 - - [19/Nov/2023:16:22:59 +0000] \"GET /pages/1 HTTP/1.1\" 200 463 \"-\" \"insomnia/2023.5.8\""
}

{
    "level": "info",
    "message": "::ffff:127.0.0.1 - - [19/Nov/2023:16:22:59 +0000] \"GET /pages/1 HTTP/1.1\" 200 463 \"-\" \"insomnia/2023.5.8\""
}

{
    "level": "info",
    "message": "::ffff:127.0.0.1 - - [19/Nov/2023:16:23:00 +0000] \"GET /pages/1 HTTP/1.1\" 200 463 \"-\" \"insomnia/2023.5.8\""
}

{
    "level": "info",
    "message": "::ffff:127.0.0.1 - - [19/Nov/2023:16:23:01 +0000] \"GET /pages/1 HTTP/1.1\" 200 463 \"-\" \"insomnia/2023.5.8\""
}

{
    "level": "info",
    "message": "::ffff:127.0.0.1 - - [19/Nov/2023:16:23:01 +0000] \"GET /pages/1 HTTP/1.1\" 200 463 \"-\" \"insomnia/2023.5.8\""
}

{
    "level": "info",
    "message": "::ffff:127.0.0.1 - - [19/Nov/2023:16:23:02 +0000] \"GET /pages/1 HTTP/1.1\" 200 463 \"-\" \"insomnia/2023.5.8\""
}

{
    "level": "info",
    "message": "::ffff:127.0.0.1 - - [19/Nov/2023:16:23:02 +0000] \"GET /pages/1 HTTP/1.1\" 200 463 \"-\" \"insomnia/2023.5.8\""
}

{
    "level": "info",
    "message": "::ffff:127.0.0.1 - - [19/Nov/2023:16:23:03 +0000] \"GET /pages/1 HTTP/1.1\" 200 463 \"-\" \"insomnia/2023.5.8\""
}

{
    "level": "info",
    "message": "::ffff:127.0.0.1 - - [19/Nov/2023:16:23:04 +0000] \"GET /pages/1 HTTP/1.1\" 200 463 \"-\" \"insomnia/2023.5.8\""
}

{
    "level": "info",
    "message": "::ffff:127.0.0.1 - - [19/Nov/2023:16:23:04 +0000] \"GET /pages/1 HTTP/1.1\" 200 463 \"-\" \"insomnia/2023.5.8\""
}

{
    "level": "info",
    "message": "::ffff:127.0.0.1 - - [19/Nov/2023:16:23:04 +0000] \"GET /pages/1 HTTP/1.1\" 200 463 \"-\" \"insomnia/2023.5.8\""
}

{
    "level": "info",
    "message": "::ffff:127.0.0.1 - - [19/Nov/2023:16:23:05 +0000] \"GET /pages/1 HTTP/1.1\" 200 463 \"-\" \"insomnia/2023.5.8\""
}

{
    "level": "info",
    "message": "::ffff:127.0.0.1 - - [19/Nov/2023:16:23:05 +0000] \"GET /pages/1 HTTP/1.1\" 200 463 \"-\" \"insomnia/2023.5.8\""
}

{
    "level": "info",
    "message": "::ffff:127.0.0.1 - - [19/Nov/2023:16:23:05 +0000] \"GET /pages/1 HTTP/1.1\" 200 463 \"-\" \"insomnia/2023.5.8\""
}

{
    "level": "info",
    "message": "::ffff:127.0.0.1 - - [19/Nov/2023:16:23:05 +0000] \"GET /pages/1 HTTP/1.1\" 200 463 \"-\" \"insomnia/2023.5.8\""
}

{
    "level": "info",
    "message": "::ffff:127.0.0.1 - - [19/Nov/2023:16:23:05 +0000] \"GET /pages/1 HTTP/1.1\" 200 463 \"-\" \"insomnia/2023.5.8\""
}

{
    "level": "info",
    "message": "::ffff:127.0.0.1 - - [19/Nov/2023:16:23:06 +0000] \"GET /pages/1 HTTP/1.1\" 200 463 \"-\" \"insomnia/2023.5.8\""
}

{
    "level": "info",
    "message": "::ffff:127.0.0.1 - - [19/Nov/2023:16:23:06 +0000] \"GET /pages/1 HTTP/1.1\" 200 463 \"-\" \"insomnia/2023.5.8\""
}

{
    "level": "info",
    "message": "::ffff:127.0.0.1 - - [19/Nov/2023:16:23:06 +0000] \"GET /pages/1 HTTP/1.1\" 200 463 \"-\" \"insomnia/2023.5.8\""
}

{
    "level": "info",
    "message": "::ffff:127.0.0.1 - - [19/Nov/2023:16:23:07 +0000] \"GET /pages/1 HTTP/1.1\" 200 463 \"-\" \"insomnia/2023.5.8\""
}

{
    "level": "info",
    "message": "::ffff:127.0.0.1 - - [19/Nov/2023:16:23:07 +0000] \"GET /pages/1 HTTP/1.1\" 200 463 \"-\" \"insomnia/2023.5.8\""
}

{
    "level": "info",
    "message": "::ffff:127.0.0.1 - - [19/Nov/2023:16:23:07 +0000] \"GET /pages/1 HTTP/1.1\" 200 463 \"-\" \"insomnia/2023.5.8\""
}

{
    "level": "info",
    "message": "::ffff:127.0.0.1 - - [19/Nov/2023:16:23:07 +0000] \"GET /pages/1 HTTP/1.1\" 200 463 \"-\" \"insomnia/2023.5.8\""
}

{
    "level": "info",
    "message": "::ffff:127.0.0.1 - - [19/Nov/2023:16:23:07 +0000] \"GET /pages/1 HTTP/1.1\" 200 463 \"-\" \"insomnia/2023.5.8\""
}

{
    "level": "info",
    "message": "::ffff:127.0.0.1 - - [19/Nov/2023:16:23:07 +0000] \"GET /pages/1 HTTP/1.1\" 200 463 \"-\" \"insomnia/2023.5.8\""
}

{
    "level": "info",
    "message": "::ffff:127.0.0.1 - - [19/Nov/2023:16:23:07 +0000] \"GET /pages/1 HTTP/1.1\" 200 463 \"-\" \"insomnia/2023.5.8\""
}

{
    "level": "info",
    "message": "::ffff:127.0.0.1 - - [19/Nov/2023:16:23:08 +0000] \"GET /pages/1 HTTP/1.1\" 200 463 \"-\" \"insomnia/2023.5.8\""
}

{
    "level": "info",
    "message": "::ffff:127.0.0.1 - - [19/Nov/2023:16:23:08 +0000] \"GET /pages/1 HTTP/1.1\" 200 463 \"-\" \"insomnia/2023.5.8\""
}

{
    "level": "info",
    "message": "::ffff:127.0.0.1 - - [19/Nov/2023:16:23:08 +0000] \"GET /pages/1 HTTP/1.1\" 200 463 \"-\" \"insomnia/2023.5.8\""
}

{
    "level": "info",
    "message": "::ffff:127.0.0.1 - - [19/Nov/2023:16:23:08 +0000] \"GET /pages/1 HTTP/1.1\" 200 463 \"-\" \"insomnia/2023.5.8\""
}

{
    "level": "info",
    "message": "::ffff:127.0.0.1 - - [19/Nov/2023:16:23:08 +0000] \"GET /pages/1 HTTP/1.1\" 200 463 \"-\" \"insomnia/2023.5.8\""
}

{
    "level": "info",
    "message": "::ffff:127.0.0.1 - - [19/Nov/2023:16:23:08 +0000] \"GET /pages/1 HTTP/1.1\" 200 463 \"-\" \"insomnia/2023.5.8\""
}

{
    "level": "info",
    "message": "::ffff:127.0.0.1 - - [19/Nov/2023:16:23:09 +0000] \"GET /pages/1 HTTP/1.1\" 200 463 \"-\" \"insomnia/2023.5.8\""
}

{
    "level": "info",
    "message": "::ffff:127.0.0.1 - - [19/Nov/2023:16:23:09 +0000] \"GET /pages/1 HTTP/1.1\" 200 463 \"-\" \"insomnia/2023.5.8\""
}

{
    "level": "info",
    "message": "::ffff:127.0.0.1 - - [19/Nov/2023:16:23:09 +0000] \"GET /pages/1 HTTP/1.1\" 200 463 \"-\" \"insomnia/2023.5.8\""
}

{
    "level": "info",
    "message": "::ffff:127.0.0.1 - - [19/Nov/2023:16:23:09 +0000] \"GET /pages/1 HTTP/1.1\" 200 463 \"-\" \"insomnia/2023.5.8\""
}

{
    "level": "info",
    "message": "::ffff:127.0.0.1 - - [19/Nov/2023:16:23:09 +0000] \"GET /pages/1 HTTP/1.1\" 200 463 \"-\" \"insomnia/2023.5.8\""
}

{
    "level": "info",
    "message": "::ffff:127.0.0.1 - - [19/Nov/2023:16:23:10 +0000] \"GET /pages/1 HTTP/1.1\" 200 463 \"-\" \"insomnia/2023.5.8\""
}

{
    "level": "info",
    "message": "::ffff:127.0.0.1 - - [19/Nov/2023:16:23:10 +0000] \"GET /pages/1 HTTP/1.1\" 200 463 \"-\" \"insomnia/2023.5.8\""
}

{
    "level": "info",
    "message": "::ffff:127.0.0.1 - - [19/Nov/2023:16:23:10 +0000] \"GET /pages/1 HTTP/1.1\" 200 463 \"-\" \"insomnia/2023.5.8\""
}

{
    "level": "info",
    "message": "::ffff:127.0.0.1 - - [19/Nov/2023:16:23:10 +0000] \"GET /pages/1 HTTP/1.1\" 200 463 \"-\" \"insomnia/2023.5.8\""
}

{
    "level": "info",
    "message": "::ffff:127.0.0.1 - - [19/Nov/2023:16:23:10 +0000] \"GET /pages/1 HTTP/1.1\" 200 463 \"-\" \"insomnia/2023.5.8\""
}

{
    "level": "info",
    "message": "::ffff:127.0.0.1 - - [19/Nov/2023:16:23:10 +0000] \"GET /pages/1 HTTP/1.1\" 200 463 \"-\" \"insomnia/2023.5.8\""
}

{
    "level": "info",
    "message": "::ffff:127.0.0.1 - - [19/Nov/2023:16:23:11 +0000] \"GET /pages/1 HTTP/1.1\" 200 463 \"-\" \"insomnia/2023.5.8\""
}

{
    "level": "info",
    "message": "::ffff:127.0.0.1 - - [19/Nov/2023:16:23:11 +0000] \"GET /pages/1 HTTP/1.1\" 200 463 \"-\" \"insomnia/2023.5.8\""
}

{
    "level": "info",
    "message": "::ffff:127.0.0.1 - - [19/Nov/2023:16:23:11 +0000] \"GET /pages/1 HTTP/1.1\" 200 463 \"-\" \"insomnia/2023.5.8\""
}

{
    "level": "info",
    "message": "::ffff:127.0.0.1 - - [19/Nov/2023:16:23:11 +0000] \"GET /pages/1 HTTP/1.1\" 200 463 \"-\" \"insomnia/2023.5.8\""
}

{
    "level": "info",
    "message": "::ffff:127.0.0.1 - - [19/Nov/2023:16:23:11 +0000] \"GET /pages/1 HTTP/1.1\" 200 463 \"-\" \"insomnia/2023.5.8\""
}

{
    "level": "info",
    "message": "::ffff:127.0.0.1 - - [19/Nov/2023:16:23:12 +0000] \"GET /pages/1 HTTP/1.1\" 200 463 \"-\" \"insomnia/2023.5.8\""
}

{
    "level": "info",
    "message": "::ffff:127.0.0.1 - - [19/Nov/2023:16:23:12 +0000] \"GET /pages/1 HTTP/1.1\" 200 463 \"-\" \"insomnia/2023.5.8\""
}

{
    "level": "info",
    "message": "::ffff:127.0.0.1 - - [19/Nov/2023:16:23:12 +0000] \"GET /pages/1 HTTP/1.1\" 200 463 \"-\" \"insomnia/2023.5.8\""
}

{
    "level": "info",
    "message": "::ffff:127.0.0.1 - - [19/Nov/2023:16:23:12 +0000] \"GET /pages/1 HTTP/1.1\" 200 463 \"-\" \"insomnia/2023.5.8\""
}

{
    "level": "info",
    "message": "::ffff:127.0.0.1 - - [19/Nov/2023:16:23:12 +0000] \"GET /pages/1 HTTP/1.1\" 200 463 \"-\" \"insomnia/2023.5.8\""
}

{
    "level": "info",
    "message": "Servidor rodando na porta 3010"
}

{
    "level": "info",
    "message": "::ffff:127.0.0.1 - - [19/Nov/2023:16:24:34 +0000] \"GET /pages/1 HTTP/1.1\" 200 467 \"-\" \"insomnia/2023.5.8\""
}

{
    "level": "info",
    "message": "::ffff:127.0.0.1 - - [19/Nov/2023:16:24:35 +0000] \"GET /pages/1 HTTP/1.1\" 200 467 \"-\" \"insomnia/2023.5.8\""
}

{
    "level": "info",
    "message": "::ffff:127.0.0.1 - - [19/Nov/2023:16:24:35 +0000] \"GET /pages/1 HTTP/1.1\" 200 467 \"-\" \"insomnia/2023.5.8\""
}

{
    "level": "info",
    "message": "::ffff:127.0.0.1 - - [19/Nov/2023:16:24:36 +0000] \"GET /pages/1 HTTP/1.1\" 200 467 \"-\" \"insomnia/2023.5.8\""
}

{
    "level": "info",
    "message": "::ffff:127.0.0.1 - - [19/Nov/2023:16:24:36 +0000] \"GET /pages/1 HTTP/1.1\" 200 467 \"-\" \"insomnia/2023.5.8\""
}

{
    "level": "info",
    "message": "::ffff:127.0.0.1 - - [19/Nov/2023:16:24:36 +0000] \"GET /pages/1 HTTP/1.1\" 200 467 \"-\" \"insomnia/2023.5.8\""
}

{
    "level": "info",
    "message": "::ffff:127.0.0.1 - - [19/Nov/2023:16:24:37 +0000] \"GET /pages/1 HTTP/1.1\" 200 467 \"-\" \"insomnia/2023.5.8\""
}

{
    "level": "info",
    "message": "::ffff:127.0.0.1 - - [19/Nov/2023:16:24:37 +0000] \"GET /pages/1 HTTP/1.1\" 200 467 \"-\" \"insomnia/2023.5.8\""
}

{
    "level": "info",
    "message": "::ffff:127.0.0.1 - - [19/Nov/2023:16:24:37 +0000] \"GET /pages/1 HTTP/1.1\" 200 467 \"-\" \"insomnia/2023.5.8\""
}

{
    "level": "info",
    "message": "::ffff:127.0.0.1 - - [19/Nov/2023:16:24:38 +0000] \"GET /pages/1 HTTP/1.1\" 200 467 \"-\" \"insomnia/2023.5.8\""
}

{
    "level": "info",
    "message": "::ffff:127.0.0.1 - - [19/Nov/2023:16:24:38 +0000] \"GET /pages/1 HTTP/1.1\" 429 63 \"-\" \"insomnia/2023.5.8\""
}

{
    "level": "info",
    "message": "::ffff:127.0.0.1 - - [19/Nov/2023:16:24:38 +0000] \"GET /pages/1 HTTP/1.1\" 429 63 \"-\" \"insomnia/2023.5.8\""
}

{
    "level": "info",
    "message": "::ffff:127.0.0.1 - - [19/Nov/2023:16:24:38 +0000] \"GET /pages/1 HTTP/1.1\" 429 63 \"-\" \"insomnia/2023.5.8\""
}

{
    "level": "info",
    "message": "::ffff:127.0.0.1 - - [19/Nov/2023:16:24:38 +0000] \"GET /pages/1 HTTP/1.1\" 429 63 \"-\" \"insomnia/2023.5.8\""
}

{
    "level": "info",
    "message": "::ffff:127.0.0.1 - - [19/Nov/2023:16:24:38 +0000] \"GET /pages/1 HTTP/1.1\" 429 63 \"-\" \"insomnia/2023.5.8\""
}

{
    "level": "info",
    "message": "::ffff:127.0.0.1 - - [19/Nov/2023:16:24:38 +0000] \"GET /pages/1 HTTP/1.1\" 429 63 \"-\" \"insomnia/2023.5.8\""
}

{
    "level": "info",
    "message": "Servidor rodando na porta 3010"
}

{
    "level": "info",
    "message": "Servidor rodando na porta 3010"
}

{
    "level": "info",
    "message": "Servidor rodando na porta 3010"
}

{
    "level": "info",
    "message": "Servidor rodando na porta 3010"
}

{
    "level": "info",
    "message": "Servidor rodando na porta 3010"
}

{
    "level": "info",
    "message": "Servidor rodando na porta 3010"
}

{
    "level": "info",
    "message": "Servidor rodando na porta 3010"
}

{
    "level": "info",
    "message": "Servidor rodando na porta 3010"
}

{
    "level": "info",
    "message": "Servidor rodando na porta 3010"
}

{
    "level": "info",
    "message": "Servidor rodando na porta 3010"
}

{
    "level": "info",
    "message": "Servidor rodando na porta 3010"
}

{
    "level": "info",
    "message": "Servidor rodando na porta 3010"
}

{
    "level": "info",
    "message": "Servidor rodando na porta 3010"
}

{
    "level": "info",
    "message": "Servidor rodando na porta 3010"
}

{
    "level": "info",
    "message": "Servidor rodando na porta 3010"
}

{
    "level": "info",
    "message": "Servidor rodando na porta 3010"
}

{
    "level": "info",
    "message": "Servidor rodando na porta 3010"
}

{
    "level": "info",
    "message": "Servidor rodando na porta 3010"
}

{
    "level": "info",
    "message": "Servidor rodando na porta 3010"
}

{
    "level": "info",
    "message": "Servidor rodando na porta 3010"
}

{
    "level": "info",
    "message": "Servidor rodando na porta 3010"
}

{
    "level": "info",
    "message": "Servidor rodando na porta 3010"
}

{
    "level": "info",
    "message": "Servidor rodando na porta 3010"
}

{
    "level": "info",
    "message": "Servidor rodando na porta 3010"
}

{
    "level": "info",
    "message": "Servidor rodando na porta 3010"
}

{
    "level": "info",
    "message": "Servidor rodando na porta 3010"
}

{
    "level": "info",
    "message": "Servidor rodando na porta 3010"
}

{
    "level": "info",
    "message": "Servidor rodando na porta 3010"
}

{
    "level": "info",
    "message": "Servidor rodando na porta 3010"
}

{
    "level": "info",
    "message": "Servidor rodando na porta 3010"
}

{
    "level": "info",
    "message": "Servidor rodando na porta 3010"
}

{
    "level": "info",
    "message": "Servidor rodando na porta 3010"
}

{
    "level": "info",
    "message": "Servidor rodando na porta 3010"
}

{
    "level": "info",
    "message": "Servidor rodando na porta 3010"
}

{
    "level": "info",
    "message": "Servidor rodando na porta 3010"
}

{
    "level": "info",
    "message": "Servidor rodando na porta 3010"
}

{
    "level": "info",
    "message": "Servidor rodando na porta 3010"
}
{"level":"info","message":"::ffff:127.0.0.1 - - [19/Nov/2023:17:13:38 +0000] \"GET /pages/1 HTTP/1.1\" 200 467 \"-\" \"insomnia/2023.5.8\""}
